   1               		.file	"main.c"
   2               	__SREG__ = 0x3f
   3               	__SP_H__ = 0x3e
   4               	__SP_L__ = 0x3d
   5               	__CCP__  = 0x34
   6               	__tmp_reg__ = 0
   7               	__zero_reg__ = 1
  15               	.Ltext0:
  16               	.global	main
  18               	main:
  19               	.LFB6:
  20               	.LM1:
  21               	/* prologue: function */
  22               	/* frame size = 0 */
  23               	.LM2:
  24 0000 D09A      		sbi 58-32,0
  25               	.LM3:
  26 0002 11BA      		out 49-32,__zero_reg__
  27               	.LM4:
  28 0004 1BBA      		out 59-32,__zero_reg__
  29               	.LM5:
  30 0006 8BB7      		in r24,91-32
  31 0008 8064      		ori r24,lo8(64)
  32 000a 8BBF      		out 91-32,r24
  33               	.LM6:
  34               	/* #APP */
  35               	 ;  14 "main.c" 1
  36 000c 7894      		sei
  37               	 ;  0 "" 2
  38               	/* #NOAPP */
  39               	.L2:
  40 000e 00C0      		rjmp .L2
  41               	.LFE6:
  43               	.global	__vector_1
  45               	__vector_1:
  46               	.LFB7:
  47               	.LM7:
  48 0010 1F92      		push __zero_reg__
  49 0012 0F92      		push r0
  50 0014 0FB6      		in r0,__SREG__
  51 0016 0F92      		push r0
  52 0018 1124      		clr __zero_reg__
  53 001a 8F93      		push r24
  54 001c 9F93      		push r25
  55               	/* prologue: Signal */
  56               	/* frame size = 0 */
  57               	.LM8:
  58 001e 8BB3      		in r24,59-32
  59 0020 91E0      		ldi r25,lo8(1)
  60 0022 8927      		eor r24,r25
  61 0024 8BBB      		out 59-32,r24
  62               	/* epilogue start */
  63               	.LM9:
  64 0026 9F91      		pop r25
  65 0028 8F91      		pop r24
  66 002a 0F90      		pop r0
  67 002c 0FBE      		out __SREG__,r0
  68 002e 0F90      		pop r0
  69 0030 1F90      		pop __zero_reg__
  70 0032 1895      		reti
  71               	.LFE7:
 105               	.Letext0:
DEFINED SYMBOLS
                            *ABS*:00000000 main.c
C:\Users\User\AppData\Local\Temp/cc97p30i.s:2      *ABS*:0000003f __SREG__
C:\Users\User\AppData\Local\Temp/cc97p30i.s:3      *ABS*:0000003e __SP_H__
C:\Users\User\AppData\Local\Temp/cc97p30i.s:4      *ABS*:0000003d __SP_L__
C:\Users\User\AppData\Local\Temp/cc97p30i.s:5      *ABS*:00000034 __CCP__
C:\Users\User\AppData\Local\Temp/cc97p30i.s:6      *ABS*:00000000 __tmp_reg__
C:\Users\User\AppData\Local\Temp/cc97p30i.s:7      *ABS*:00000001 __zero_reg__
C:\Users\User\AppData\Local\Temp/cc97p30i.s:18     .text:00000000 main
C:\Users\User\AppData\Local\Temp/cc97p30i.s:45     .text:00000010 __vector_1

NO UNDEFINED SYMBOLS
